Performing C SOURCE FILE Test NEED_SOFTFP_FOR_INTRINSICS failed with the following output:
Change Dir: /home/book/work/ePicBrower/libjpeg-turbo/CMakeFiles/CMakeTmp

Run Build Command(s):/usr/bin/make cmTC_7cc1b/fast && /usr/bin/make -f CMakeFiles/cmTC_7cc1b.dir/build.make CMakeFiles/cmTC_7cc1b.dir/build
make[1]: Entering directory '/home/book/work/ePicBrower/libjpeg-turbo/CMakeFiles/CMakeTmp'
Building C object CMakeFiles/cmTC_7cc1b.dir/src.c.o
/home/book/work/100ask_stm32mp157_pro-sdk/ToolChain/arm-buildroot-linux-gnueabihf_sdk-buildroot/bin/arm-buildroot-linux-gnueabihf-gcc   -DNEED_SOFTFP_FOR_INTRINSICS   -o CMakeFiles/cmTC_7cc1b.dir/src.c.o   -c /home/book/work/ePicBrower/libjpeg-turbo/CMakeFiles/CMakeTmp/src.c
/home/book/work/ePicBrower/libjpeg-turbo/CMakeFiles/CMakeTmp/src.c:6:6: error: #error "float ABI = hard"
     #error "float ABI = hard"
      ^~~~~
/home/book/work/ePicBrower/libjpeg-turbo/CMakeFiles/CMakeTmp/src.c:9:6: error: #error "float ABI = softfp"
     #error "float ABI = softfp"
      ^~~~~
CMakeFiles/cmTC_7cc1b.dir/build.make:65: recipe for target 'CMakeFiles/cmTC_7cc1b.dir/src.c.o' failed
make[1]: *** [CMakeFiles/cmTC_7cc1b.dir/src.c.o] Error 1
make[1]: Leaving directory '/home/book/work/ePicBrower/libjpeg-turbo/CMakeFiles/CMakeTmp'
Makefile:121: recipe for target 'cmTC_7cc1b/fast' failed
make: *** [cmTC_7cc1b/fast] Error 2


Source file was:

    #if defined(__ARM_NEON__) || (!defined(__linux__) && !defined(ANDROID) && !defined(__ANDROID__))
    #error "Neon run-time auto-detection will not be used"
    #endif
    #if __ARM_PCS_VFP == 1
    #error "float ABI = hard"
    #endif
    #if __SOFTFP__ != 1
    #error "float ABI = softfp"
    #endif
    int main(void) { return 0; }
Performing C SOURCE FILE Test HAVE_VLD1_S16_X3 failed with the following output:
Change Dir: /home/book/work/ePicBrower/libjpeg-turbo/CMakeFiles/CMakeTmp

Run Build Command(s):/usr/bin/make cmTC_88301/fast && /usr/bin/make -f CMakeFiles/cmTC_88301.dir/build.make CMakeFiles/cmTC_88301.dir/build
make[1]: Entering directory '/home/book/work/ePicBrower/libjpeg-turbo/CMakeFiles/CMakeTmp'
Building C object CMakeFiles/cmTC_88301.dir/src.c.o
/home/book/work/100ask_stm32mp157_pro-sdk/ToolChain/arm-buildroot-linux-gnueabihf_sdk-buildroot/bin/arm-buildroot-linux-gnueabihf-gcc   -DHAVE_VLD1_S16_X3 -mfpu=neon   -o CMakeFiles/cmTC_88301.dir/src.c.o   -c /home/book/work/ePicBrower/libjpeg-turbo/CMakeFiles/CMakeTmp/src.c
/home/book/work/ePicBrower/libjpeg-turbo/CMakeFiles/CMakeTmp/src.c: In function ‘main’:
/home/book/work/ePicBrower/libjpeg-turbo/CMakeFiles/CMakeTmp/src.c:9:26: warning: implicit declaration of function ‘vld1_s16_x3’; did you mean ‘vld1_s16’? [-Wimplicit-function-declaration]
     int16x4x3_t output = vld1_s16_x3(input);
                          ^~~~~~~~~~~
                          vld1_s16
/home/book/work/ePicBrower/libjpeg-turbo/CMakeFiles/CMakeTmp/src.c:9:26: error: invalid initializer
CMakeFiles/cmTC_88301.dir/build.make:65: recipe for target 'CMakeFiles/cmTC_88301.dir/src.c.o' failed
make[1]: *** [CMakeFiles/cmTC_88301.dir/src.c.o] Error 1
make[1]: Leaving directory '/home/book/work/ePicBrower/libjpeg-turbo/CMakeFiles/CMakeTmp'
Makefile:121: recipe for target 'cmTC_88301/fast' failed
make: *** [cmTC_88301/fast] Error 2


Source file was:

  #include <arm_neon.h>
  int main(int argc, char **argv) {
    int16_t input[] = {
      (int16_t)argc, (int16_t)argc, (int16_t)argc, (int16_t)argc,
      (int16_t)argc, (int16_t)argc, (int16_t)argc, (int16_t)argc,
      (int16_t)argc, (int16_t)argc, (int16_t)argc, (int16_t)argc
    };
    int16x4x3_t output = vld1_s16_x3(input);
    vst3_s16(input, output);
    return (int)input[0];
  }
Performing C SOURCE FILE Test HAVE_VLD1_U16_X2 failed with the following output:
Change Dir: /home/book/work/ePicBrower/libjpeg-turbo/CMakeFiles/CMakeTmp

Run Build Command(s):/usr/bin/make cmTC_28a62/fast && /usr/bin/make -f CMakeFiles/cmTC_28a62.dir/build.make CMakeFiles/cmTC_28a62.dir/build
make[1]: Entering directory '/home/book/work/ePicBrower/libjpeg-turbo/CMakeFiles/CMakeTmp'
Building C object CMakeFiles/cmTC_28a62.dir/src.c.o
/home/book/work/100ask_stm32mp157_pro-sdk/ToolChain/arm-buildroot-linux-gnueabihf_sdk-buildroot/bin/arm-buildroot-linux-gnueabihf-gcc   -DHAVE_VLD1_U16_X2 -mfpu=neon   -o CMakeFiles/cmTC_28a62.dir/src.c.o   -c /home/book/work/ePicBrower/libjpeg-turbo/CMakeFiles/CMakeTmp/src.c
/home/book/work/ePicBrower/libjpeg-turbo/CMakeFiles/CMakeTmp/src.c: In function ‘main’:
/home/book/work/ePicBrower/libjpeg-turbo/CMakeFiles/CMakeTmp/src.c:8:27: warning: implicit declaration of function ‘vld1_u16_x2’; did you mean ‘vld1_u16’? [-Wimplicit-function-declaration]
     uint16x4x2_t output = vld1_u16_x2(input);
                           ^~~~~~~~~~~
                           vld1_u16
/home/book/work/ePicBrower/libjpeg-turbo/CMakeFiles/CMakeTmp/src.c:8:27: error: invalid initializer
CMakeFiles/cmTC_28a62.dir/build.make:65: recipe for target 'CMakeFiles/cmTC_28a62.dir/src.c.o' failed
make[1]: *** [CMakeFiles/cmTC_28a62.dir/src.c.o] Error 1
make[1]: Leaving directory '/home/book/work/ePicBrower/libjpeg-turbo/CMakeFiles/CMakeTmp'
Makefile:121: recipe for target 'cmTC_28a62/fast' failed
make: *** [cmTC_28a62/fast] Error 2


Source file was:

  #include <arm_neon.h>
  int main(int argc, char **argv) {
    uint16_t input[] = {
      (uint16_t)argc, (uint16_t)argc, (uint16_t)argc, (uint16_t)argc,
      (uint16_t)argc, (uint16_t)argc, (uint16_t)argc, (uint16_t)argc
    };
    uint16x4x2_t output = vld1_u16_x2(input);
    vst2_u16(input, output);
    return (int)input[0];
  }
Performing C SOURCE FILE Test HAVE_VLD1Q_U8_X4 failed with the following output:
Change Dir: /home/book/work/ePicBrower/libjpeg-turbo/CMakeFiles/CMakeTmp

Run Build Command(s):/usr/bin/make cmTC_1f710/fast && /usr/bin/make -f CMakeFiles/cmTC_1f710.dir/build.make CMakeFiles/cmTC_1f710.dir/build
make[1]: Entering directory '/home/book/work/ePicBrower/libjpeg-turbo/CMakeFiles/CMakeTmp'
Building C object CMakeFiles/cmTC_1f710.dir/src.c.o
/home/book/work/100ask_stm32mp157_pro-sdk/ToolChain/arm-buildroot-linux-gnueabihf_sdk-buildroot/bin/arm-buildroot-linux-gnueabihf-gcc   -DHAVE_VLD1Q_U8_X4 -mfpu=neon   -o CMakeFiles/cmTC_1f710.dir/src.c.o   -c /home/book/work/ePicBrower/libjpeg-turbo/CMakeFiles/CMakeTmp/src.c
/home/book/work/ePicBrower/libjpeg-turbo/CMakeFiles/CMakeTmp/src.c: In function ‘main’:
/home/book/work/ePicBrower/libjpeg-turbo/CMakeFiles/CMakeTmp/src.c:22:27: warning: implicit declaration of function ‘vld1q_u8_x4’; did you mean ‘vld1q_u64’? [-Wimplicit-function-declaration]
     uint8x16x4_t output = vld1q_u8_x4(input);
                           ^~~~~~~~~~~
                           vld1q_u64
/home/book/work/ePicBrower/libjpeg-turbo/CMakeFiles/CMakeTmp/src.c:22:27: error: invalid initializer
CMakeFiles/cmTC_1f710.dir/build.make:65: recipe for target 'CMakeFiles/cmTC_1f710.dir/src.c.o' failed
make[1]: *** [CMakeFiles/cmTC_1f710.dir/src.c.o] Error 1
make[1]: Leaving directory '/home/book/work/ePicBrower/libjpeg-turbo/CMakeFiles/CMakeTmp'
Makefile:121: recipe for target 'cmTC_1f710/fast' failed
make: *** [cmTC_1f710/fast] Error 2


Source file was:

  #include <arm_neon.h>
  int main(int argc, char **argv) {
    uint8_t input[] = {
      (uint8_t)argc, (uint8_t)argc, (uint8_t)argc, (uint8_t)argc,
      (uint8_t)argc, (uint8_t)argc, (uint8_t)argc, (uint8_t)argc,
      (uint8_t)argc, (uint8_t)argc, (uint8_t)argc, (uint8_t)argc,
      (uint8_t)argc, (uint8_t)argc, (uint8_t)argc, (uint8_t)argc,
      (uint8_t)argc, (uint8_t)argc, (uint8_t)argc, (uint8_t)argc,
      (uint8_t)argc, (uint8_t)argc, (uint8_t)argc, (uint8_t)argc,
      (uint8_t)argc, (uint8_t)argc, (uint8_t)argc, (uint8_t)argc,
      (uint8_t)argc, (uint8_t)argc, (uint8_t)argc, (uint8_t)argc,
      (uint8_t)argc, (uint8_t)argc, (uint8_t)argc, (uint8_t)argc,
      (uint8_t)argc, (uint8_t)argc, (uint8_t)argc, (uint8_t)argc,
      (uint8_t)argc, (uint8_t)argc, (uint8_t)argc, (uint8_t)argc,
      (uint8_t)argc, (uint8_t)argc, (uint8_t)argc, (uint8_t)argc,
      (uint8_t)argc, (uint8_t)argc, (uint8_t)argc, (uint8_t)argc,
      (uint8_t)argc, (uint8_t)argc, (uint8_t)argc, (uint8_t)argc,
      (uint8_t)argc, (uint8_t)argc, (uint8_t)argc, (uint8_t)argc,
      (uint8_t)argc, (uint8_t)argc, (uint8_t)argc, (uint8_t)argc
    };
    uint8x16x4_t output = vld1q_u8_x4(input);
    vst4q_u8(input, output);
    return (int)input[0];
  }
